INFO 2025-10-11 15:39:18,447 final_log_test 9608 21232 推荐服务启动 - 模型加载成功
WARNING 2025-10-11 15:39:18,448 final_log_test 9608 21232 推荐服务警告 - 部分特征缺失
ERROR 2025-10-11 15:39:18,448 final_log_test 9608 21232 推荐服务错误 - 模型预测失败
INFO 2025-10-11 15:41:08,101 recommendations 7376 4092 TensorFlow successfully imported
WARNING 2025-10-11 15:45:56,886 recommendations 23864 15636 TensorFlow configuration failed: Inter op parallelism cannot be modified after initialization.
INFO 2025-10-11 15:47:17,273 recommendations 26328 26332 TensorFlow successfully imported
INFO 2025-10-11 15:47:30,167 recommendations 25988 25964 TensorFlow successfully imported
INFO 2025-10-11 15:48:14,908 recommendations 26392 26396 TensorFlow successfully imported
INFO 2025-10-11 15:51:17,425 recommendations 17252 12508 TensorFlow successfully imported
INFO 2025-10-11 15:56:29,203 recommendations 20352 9472 TensorFlow successfully imported
INFO 2025-10-11 16:04:02,610 recommendations 25996 3540 TensorFlow successfully imported
INFO 2025-10-11 16:04:13,812 recommendations 7136 17284 TensorFlow successfully imported
INFO 2025-10-11 16:04:33,365 recommendations 4860 19584 TensorFlow successfully imported
INFO 2025-10-11 16:04:59,150 recommendations 23856 1424 TensorFlow successfully imported
INFO 2025-10-11 16:16:16,565 recommendations 20884 8596 TensorFlow successfully imported
INFO 2025-10-11 16:16:25,481 recommendations 15980 22908 TensorFlow successfully imported
INFO 2025-10-11 16:16:36,972 recommendations 9152 25224 TensorFlow successfully imported
INFO 2025-10-11 16:17:05,803 recommendations 23720 16796 TensorFlow successfully imported
INFO 2025-10-11 16:34:57,755 recommendations 19148 25952 TensorFlow successfully imported
INFO 2025-10-24 14:53:38,909 recommendations 60716 63572 TensorFlow successfully imported
INFO 2025-10-24 15:37:40,330 recommendations 57824 65416 TensorFlow successfully imported
INFO 2025-11-11 17:42:37,079 recommendations 5436 14204 TensorFlow successfully imported
INFO 2025-11-11 17:48:15,110 recommendations 14972 2452 TensorFlow successfully imported
INFO 2025-11-11 17:49:29,802 recommendations 6088 9476 TensorFlow successfully imported
INFO 2025-11-11 17:57:58,682 recommendations 18964 19872 TensorFlow successfully imported
INFO 2025-11-11 17:58:32,874 recommendations 13096 11724 TensorFlow successfully imported
INFO 2025-11-18 15:23:22,426 recommendations 6464 1548 TensorFlow successfully imported
INFO 2025-12-05 15:23:20,139 recommendations 18168 5224 TensorFlow successfully imported
INFO 2025-12-12 19:25:57,918 recommendations 5396 15412 TensorFlow successfully imported
INFO 2025-12-12 19:31:11,291 recommendations 10700 11552 TensorFlow successfully imported
INFO 2025-12-27 22:32:45,980 recommendations 20676 15668 TensorFlow successfully imported
INFO 2025-12-27 22:33:25,186 recommendations 19604 13884 TensorFlow successfully imported
INFO 2025-12-27 22:47:37,505 recommendations 9312 20576 TensorFlow successfully imported
INFO 2025-12-27 22:48:23,580 recommendations 16160 15496 TensorFlow successfully imported
INFO 2025-12-27 22:50:39,944 recommendations 9976 20232 TensorFlow successfully imported
INFO 2025-12-27 22:51:27,118 recommendations 13704 15772 TensorFlow successfully imported
INFO 2025-12-27 22:53:14,163 recommendations 20992 15032 TensorFlow successfully imported
INFO 2026-02-05 01:50:22,580 recommendations 276432 288700 TensorFlow successfully imported
INFO 2026-02-05 01:58:09,925 recommendations 281972 286904 TensorFlow successfully imported
INFO 2026-03-04 15:54:03,306 recommendations 9896 17092 TensorFlow successfully imported
INFO 2026-03-04 16:01:42,252 recommendations 19160 21228 TensorFlow successfully imported
INFO 2026-03-04 16:02:43,365 recommendations 6452 20088 TensorFlow successfully imported
INFO 2026-03-04 16:03:32,222 recommendations 22324 2772 TensorFlow successfully imported
INFO 2026-03-04 16:07:16,214 recommendations 11048 14924 TensorFlow successfully imported
INFO 2026-03-04 16:10:37,838 recommendations 9080 3420 TensorFlow successfully imported
INFO 2026-03-04 16:13:09,243 recommendations 21348 22868 TensorFlow successfully imported
INFO 2026-03-04 16:13:38,839 recommendations 8696 19072 TensorFlow successfully imported
INFO 2026-03-04 16:13:52,608 recommendations 20496 5428 TensorFlow successfully imported
INFO 2026-03-04 16:15:13,667 recommendations 8412 16480 TensorFlow successfully imported
INFO 2026-03-04 16:15:28,528 recommendations 1852 16072 TensorFlow successfully imported
INFO 2026-03-04 16:17:28,007 recommendations 11096 16528 TensorFlow successfully imported
INFO 2026-03-04 16:17:43,620 recommendations 12156 7908 TensorFlow successfully imported
INFO 2026-03-20 19:09:31,589 recommendations 12612 19772 TensorFlow successfully imported
INFO 2026-03-20 19:10:38,346 recommendations 20816 20380 TensorFlow successfully imported
INFO 2026-03-20 19:12:11,003 recommendations 19560 22176 TensorFlow successfully imported
INFO 2026-03-20 19:18:28,924 recommendations 8164 18116 TensorFlow successfully imported
INFO 2026-03-27 18:30:43,548 recommendations 14404 18700 TensorFlow successfully imported
INFO 2026-03-27 18:36:18,508 recommendations 23984 19956 TensorFlow successfully imported
INFO 2026-03-27 18:36:30,279 recommendations 19628 16904 TensorFlow successfully imported
INFO 2026-03-27 18:36:44,345 recommendations 13600 21900 TensorFlow successfully imported
INFO 2026-03-27 18:36:55,483 recommendations 17620 10712 TensorFlow successfully imported
INFO 2026-03-27 18:37:05,723 recommendations 10396 15856 TensorFlow successfully imported
INFO 2026-03-27 18:38:27,727 recommendations 26296 8028 TensorFlow successfully imported
INFO 2026-03-27 18:38:36,339 recommendations 21904 11652 TensorFlow successfully imported
INFO 2026-03-27 18:48:19,923 recommendations 20872 5476 TensorFlow successfully imported
INFO 2026-03-27 18:58:37,531 recommendations 3032 9640 TensorFlow successfully imported
INFO 2026-03-27 19:00:01,058 recommendations 26340 7092 TensorFlow successfully imported
INFO 2026-03-27 19:01:10,959 recommendations 3068 6340 TensorFlow successfully imported
INFO 2026-03-27 19:01:38,869 recommendations 10232 15012 TensorFlow successfully imported
INFO 2026-03-27 19:02:15,620 recommendations 9060 22636 TensorFlow successfully imported
